[2024-03-18T12:17:54.349+0000] {processor.py:161} INFO - Started process (PID=43) to work on /opt/airflow/dags/dags_file_transfer.py
[2024-03-18T12:17:54.350+0000] {processor.py:830} INFO - Processing file /opt/airflow/dags/dags_file_transfer.py for tasks to queue
[2024-03-18T12:17:54.353+0000] {logging_mixin.py:188} INFO - [2024-03-18T12:17:54.353+0000] {dagbag.py:540} INFO - Filling up the DagBag from /opt/airflow/dags/dags_file_transfer.py
[2024-03-18T12:17:54.366+0000] {processor.py:840} INFO - DAG(s) 'file_transfer' retrieved from /opt/airflow/dags/dags_file_transfer.py
[2024-03-18T12:17:54.567+0000] {logging_mixin.py:188} INFO - [2024-03-18T12:17:54.566+0000] {override.py:1769} INFO - Created Permission View: can delete on DAG:file_transfer
[2024-03-18T12:17:54.580+0000] {logging_mixin.py:188} INFO - [2024-03-18T12:17:54.580+0000] {override.py:1769} INFO - Created Permission View: can read on DAG:file_transfer
[2024-03-18T12:17:54.590+0000] {logging_mixin.py:188} INFO - [2024-03-18T12:17:54.590+0000] {override.py:1769} INFO - Created Permission View: can edit on DAG:file_transfer
[2024-03-18T12:17:54.590+0000] {logging_mixin.py:188} INFO - [2024-03-18T12:17:54.590+0000] {dag.py:3047} INFO - Sync 1 DAGs
[2024-03-18T12:17:54.601+0000] {logging_mixin.py:188} INFO - [2024-03-18T12:17:54.601+0000] {dag.py:3069} INFO - Creating ORM DAG for file_transfer
[2024-03-18T12:17:54.616+0000] {logging_mixin.py:188} INFO - [2024-03-18T12:17:54.615+0000] {dag.py:3834} INFO - Setting next_dagrun for file_transfer to 2024-03-18 11:00:00+00:00, run_after=2024-03-18 12:00:00+00:00
[2024-03-18T12:17:54.642+0000] {processor.py:183} INFO - Processing /opt/airflow/dags/dags_file_transfer.py took 0.295 seconds
[2024-03-18T12:18:24.843+0000] {processor.py:161} INFO - Started process (PID=50) to work on /opt/airflow/dags/dags_file_transfer.py
[2024-03-18T12:18:24.850+0000] {processor.py:830} INFO - Processing file /opt/airflow/dags/dags_file_transfer.py for tasks to queue
[2024-03-18T12:18:24.852+0000] {logging_mixin.py:188} INFO - [2024-03-18T12:18:24.852+0000] {dagbag.py:540} INFO - Filling up the DagBag from /opt/airflow/dags/dags_file_transfer.py
[2024-03-18T12:18:24.862+0000] {processor.py:840} INFO - DAG(s) 'file_transfer' retrieved from /opt/airflow/dags/dags_file_transfer.py
[2024-03-18T12:18:24.882+0000] {logging_mixin.py:188} INFO - [2024-03-18T12:18:24.882+0000] {dag.py:3047} INFO - Sync 1 DAGs
[2024-03-18T12:18:24.901+0000] {logging_mixin.py:188} INFO - [2024-03-18T12:18:24.900+0000] {dag.py:3834} INFO - Setting next_dagrun for file_transfer to 2024-03-18 11:00:00+00:00, run_after=2024-03-18 12:00:00+00:00
[2024-03-18T12:18:24.918+0000] {processor.py:183} INFO - Processing /opt/airflow/dags/dags_file_transfer.py took 0.078 seconds
[2024-03-18T12:18:55.054+0000] {processor.py:161} INFO - Started process (PID=57) to work on /opt/airflow/dags/dags_file_transfer.py
[2024-03-18T12:18:55.061+0000] {processor.py:830} INFO - Processing file /opt/airflow/dags/dags_file_transfer.py for tasks to queue
[2024-03-18T12:18:55.063+0000] {logging_mixin.py:188} INFO - [2024-03-18T12:18:55.062+0000] {dagbag.py:540} INFO - Filling up the DagBag from /opt/airflow/dags/dags_file_transfer.py
[2024-03-18T12:18:55.071+0000] {processor.py:840} INFO - DAG(s) 'file_transfer' retrieved from /opt/airflow/dags/dags_file_transfer.py
[2024-03-18T12:18:55.094+0000] {logging_mixin.py:188} INFO - [2024-03-18T12:18:55.094+0000] {dag.py:3047} INFO - Sync 1 DAGs
[2024-03-18T12:18:55.114+0000] {logging_mixin.py:188} INFO - [2024-03-18T12:18:55.114+0000] {dag.py:3834} INFO - Setting next_dagrun for file_transfer to 2024-03-18 11:00:00+00:00, run_after=2024-03-18 12:00:00+00:00
[2024-03-18T12:18:55.129+0000] {processor.py:183} INFO - Processing /opt/airflow/dags/dags_file_transfer.py took 0.077 seconds
[2024-03-18T12:19:25.317+0000] {processor.py:161} INFO - Started process (PID=64) to work on /opt/airflow/dags/dags_file_transfer.py
[2024-03-18T12:19:25.317+0000] {processor.py:830} INFO - Processing file /opt/airflow/dags/dags_file_transfer.py for tasks to queue
[2024-03-18T12:19:25.319+0000] {logging_mixin.py:188} INFO - [2024-03-18T12:19:25.319+0000] {dagbag.py:540} INFO - Filling up the DagBag from /opt/airflow/dags/dags_file_transfer.py
[2024-03-18T12:19:25.326+0000] {processor.py:840} INFO - DAG(s) 'file_transfer' retrieved from /opt/airflow/dags/dags_file_transfer.py
[2024-03-18T12:19:25.347+0000] {logging_mixin.py:188} INFO - [2024-03-18T12:19:25.347+0000] {dag.py:3047} INFO - Sync 1 DAGs
[2024-03-18T12:19:25.368+0000] {logging_mixin.py:188} INFO - [2024-03-18T12:19:25.368+0000] {dag.py:3834} INFO - Setting next_dagrun for file_transfer to 2024-03-18 11:00:00+00:00, run_after=2024-03-18 12:00:00+00:00
[2024-03-18T12:19:25.388+0000] {processor.py:183} INFO - Processing /opt/airflow/dags/dags_file_transfer.py took 0.074 seconds
[2024-03-18T12:19:55.516+0000] {processor.py:161} INFO - Started process (PID=71) to work on /opt/airflow/dags/dags_file_transfer.py
[2024-03-18T12:19:55.516+0000] {processor.py:830} INFO - Processing file /opt/airflow/dags/dags_file_transfer.py for tasks to queue
[2024-03-18T12:19:55.517+0000] {logging_mixin.py:188} INFO - [2024-03-18T12:19:55.517+0000] {dagbag.py:540} INFO - Filling up the DagBag from /opt/airflow/dags/dags_file_transfer.py
[2024-03-18T12:19:55.521+0000] {processor.py:840} INFO - DAG(s) 'file_transfer' retrieved from /opt/airflow/dags/dags_file_transfer.py
[2024-03-18T12:19:55.537+0000] {logging_mixin.py:188} INFO - [2024-03-18T12:19:55.536+0000] {dag.py:3047} INFO - Sync 1 DAGs
[2024-03-18T12:19:55.555+0000] {logging_mixin.py:188} INFO - [2024-03-18T12:19:55.555+0000] {dag.py:3834} INFO - Setting next_dagrun for file_transfer to 2024-03-18 12:00:00+00:00, run_after=2024-03-18 13:00:00+00:00
[2024-03-18T12:19:55.571+0000] {processor.py:183} INFO - Processing /opt/airflow/dags/dags_file_transfer.py took 0.058 seconds
[2024-03-18T12:20:25.751+0000] {processor.py:161} INFO - Started process (PID=78) to work on /opt/airflow/dags/dags_file_transfer.py
[2024-03-18T12:20:25.758+0000] {processor.py:830} INFO - Processing file /opt/airflow/dags/dags_file_transfer.py for tasks to queue
[2024-03-18T12:20:25.759+0000] {logging_mixin.py:188} INFO - [2024-03-18T12:20:25.759+0000] {dagbag.py:540} INFO - Filling up the DagBag from /opt/airflow/dags/dags_file_transfer.py
[2024-03-18T12:20:25.766+0000] {processor.py:840} INFO - DAG(s) 'file_transfer' retrieved from /opt/airflow/dags/dags_file_transfer.py
[2024-03-18T12:20:25.785+0000] {logging_mixin.py:188} INFO - [2024-03-18T12:20:25.785+0000] {dag.py:3047} INFO - Sync 1 DAGs
[2024-03-18T12:20:25.805+0000] {logging_mixin.py:188} INFO - [2024-03-18T12:20:25.804+0000] {dag.py:3834} INFO - Setting next_dagrun for file_transfer to 2024-03-18 12:00:00+00:00, run_after=2024-03-18 13:00:00+00:00
[2024-03-18T12:20:25.819+0000] {processor.py:183} INFO - Processing /opt/airflow/dags/dags_file_transfer.py took 0.070 seconds
[2024-03-18T12:20:55.970+0000] {processor.py:161} INFO - Started process (PID=84) to work on /opt/airflow/dags/dags_file_transfer.py
[2024-03-18T12:20:55.977+0000] {processor.py:830} INFO - Processing file /opt/airflow/dags/dags_file_transfer.py for tasks to queue
[2024-03-18T12:20:55.978+0000] {logging_mixin.py:188} INFO - [2024-03-18T12:20:55.978+0000] {dagbag.py:540} INFO - Filling up the DagBag from /opt/airflow/dags/dags_file_transfer.py
[2024-03-18T12:20:55.986+0000] {processor.py:840} INFO - DAG(s) 'file_transfer' retrieved from /opt/airflow/dags/dags_file_transfer.py
[2024-03-18T12:20:55.999+0000] {logging_mixin.py:188} INFO - [2024-03-18T12:20:55.999+0000] {dag.py:3047} INFO - Sync 1 DAGs
[2024-03-18T12:20:56.012+0000] {logging_mixin.py:188} INFO - [2024-03-18T12:20:56.012+0000] {dag.py:3834} INFO - Setting next_dagrun for file_transfer to 2024-03-18 12:00:00+00:00, run_after=2024-03-18 13:00:00+00:00
[2024-03-18T12:20:56.024+0000] {processor.py:183} INFO - Processing /opt/airflow/dags/dags_file_transfer.py took 0.056 seconds
[2024-03-18T12:21:26.215+0000] {processor.py:161} INFO - Started process (PID=91) to work on /opt/airflow/dags/dags_file_transfer.py
[2024-03-18T12:21:26.222+0000] {processor.py:830} INFO - Processing file /opt/airflow/dags/dags_file_transfer.py for tasks to queue
[2024-03-18T12:21:26.223+0000] {logging_mixin.py:188} INFO - [2024-03-18T12:21:26.223+0000] {dagbag.py:540} INFO - Filling up the DagBag from /opt/airflow/dags/dags_file_transfer.py
[2024-03-18T12:21:26.228+0000] {processor.py:840} INFO - DAG(s) 'file_transfer' retrieved from /opt/airflow/dags/dags_file_transfer.py
[2024-03-18T12:21:26.241+0000] {logging_mixin.py:188} INFO - [2024-03-18T12:21:26.241+0000] {dag.py:3047} INFO - Sync 1 DAGs
[2024-03-18T12:21:26.255+0000] {logging_mixin.py:188} INFO - [2024-03-18T12:21:26.255+0000] {dag.py:3834} INFO - Setting next_dagrun for file_transfer to 2024-03-18 12:00:00+00:00, run_after=2024-03-18 13:00:00+00:00
[2024-03-18T12:21:26.266+0000] {processor.py:183} INFO - Processing /opt/airflow/dags/dags_file_transfer.py took 0.053 seconds
[2024-03-18T12:21:56.421+0000] {processor.py:161} INFO - Started process (PID=98) to work on /opt/airflow/dags/dags_file_transfer.py
[2024-03-18T12:21:56.428+0000] {processor.py:830} INFO - Processing file /opt/airflow/dags/dags_file_transfer.py for tasks to queue
[2024-03-18T12:21:56.430+0000] {logging_mixin.py:188} INFO - [2024-03-18T12:21:56.430+0000] {dagbag.py:540} INFO - Filling up the DagBag from /opt/airflow/dags/dags_file_transfer.py
[2024-03-18T12:21:56.437+0000] {processor.py:840} INFO - DAG(s) 'file_transfer' retrieved from /opt/airflow/dags/dags_file_transfer.py
[2024-03-18T12:21:56.451+0000] {logging_mixin.py:188} INFO - [2024-03-18T12:21:56.450+0000] {dag.py:3047} INFO - Sync 1 DAGs
[2024-03-18T12:21:56.464+0000] {logging_mixin.py:188} INFO - [2024-03-18T12:21:56.464+0000] {dag.py:3834} INFO - Setting next_dagrun for file_transfer to 2024-03-18 12:00:00+00:00, run_after=2024-03-18 13:00:00+00:00
[2024-03-18T12:21:56.478+0000] {processor.py:183} INFO - Processing /opt/airflow/dags/dags_file_transfer.py took 0.059 seconds
[2024-03-18T12:22:26.675+0000] {processor.py:161} INFO - Started process (PID=105) to work on /opt/airflow/dags/dags_file_transfer.py
[2024-03-18T12:22:26.675+0000] {processor.py:830} INFO - Processing file /opt/airflow/dags/dags_file_transfer.py for tasks to queue
[2024-03-18T12:22:26.676+0000] {logging_mixin.py:188} INFO - [2024-03-18T12:22:26.676+0000] {dagbag.py:540} INFO - Filling up the DagBag from /opt/airflow/dags/dags_file_transfer.py
[2024-03-18T12:22:26.681+0000] {processor.py:840} INFO - DAG(s) 'file_transfer' retrieved from /opt/airflow/dags/dags_file_transfer.py
[2024-03-18T12:22:26.697+0000] {logging_mixin.py:188} INFO - [2024-03-18T12:22:26.697+0000] {dag.py:3047} INFO - Sync 1 DAGs
[2024-03-18T12:22:26.715+0000] {logging_mixin.py:188} INFO - [2024-03-18T12:22:26.715+0000] {dag.py:3834} INFO - Setting next_dagrun for file_transfer to 2024-03-18 12:00:00+00:00, run_after=2024-03-18 13:00:00+00:00
[2024-03-18T12:22:26.729+0000] {processor.py:183} INFO - Processing /opt/airflow/dags/dags_file_transfer.py took 0.058 seconds
[2024-03-18T12:22:56.905+0000] {processor.py:161} INFO - Started process (PID=112) to work on /opt/airflow/dags/dags_file_transfer.py
[2024-03-18T12:22:56.912+0000] {processor.py:830} INFO - Processing file /opt/airflow/dags/dags_file_transfer.py for tasks to queue
[2024-03-18T12:22:56.914+0000] {logging_mixin.py:188} INFO - [2024-03-18T12:22:56.913+0000] {dagbag.py:540} INFO - Filling up the DagBag from /opt/airflow/dags/dags_file_transfer.py
[2024-03-18T12:22:56.924+0000] {processor.py:840} INFO - DAG(s) 'file_transfer' retrieved from /opt/airflow/dags/dags_file_transfer.py
[2024-03-18T12:22:56.940+0000] {logging_mixin.py:188} INFO - [2024-03-18T12:22:56.940+0000] {dag.py:3047} INFO - Sync 1 DAGs
[2024-03-18T12:22:56.967+0000] {logging_mixin.py:188} INFO - [2024-03-18T12:22:56.966+0000] {dag.py:3834} INFO - Setting next_dagrun for file_transfer to 2024-03-18 12:00:00+00:00, run_after=2024-03-18 13:00:00+00:00
[2024-03-18T12:22:56.984+0000] {processor.py:183} INFO - Processing /opt/airflow/dags/dags_file_transfer.py took 0.082 seconds
[2024-03-18T12:23:27.119+0000] {processor.py:161} INFO - Started process (PID=119) to work on /opt/airflow/dags/dags_file_transfer.py
[2024-03-18T12:23:27.126+0000] {processor.py:830} INFO - Processing file /opt/airflow/dags/dags_file_transfer.py for tasks to queue
[2024-03-18T12:23:27.128+0000] {logging_mixin.py:188} INFO - [2024-03-18T12:23:27.128+0000] {dagbag.py:540} INFO - Filling up the DagBag from /opt/airflow/dags/dags_file_transfer.py
[2024-03-18T12:23:27.134+0000] {processor.py:840} INFO - DAG(s) 'file_transfer' retrieved from /opt/airflow/dags/dags_file_transfer.py
[2024-03-18T12:23:27.147+0000] {logging_mixin.py:188} INFO - [2024-03-18T12:23:27.146+0000] {dag.py:3047} INFO - Sync 1 DAGs
[2024-03-18T12:23:27.167+0000] {logging_mixin.py:188} INFO - [2024-03-18T12:23:27.167+0000] {dag.py:3834} INFO - Setting next_dagrun for file_transfer to 2024-03-18 12:00:00+00:00, run_after=2024-03-18 13:00:00+00:00
[2024-03-18T12:23:27.178+0000] {processor.py:183} INFO - Processing /opt/airflow/dags/dags_file_transfer.py took 0.064 seconds
[2024-03-18T12:23:44.296+0000] {processor.py:161} INFO - Started process (PID=126) to work on /opt/airflow/dags/dags_file_transfer.py
[2024-03-18T12:23:44.304+0000] {processor.py:830} INFO - Processing file /opt/airflow/dags/dags_file_transfer.py for tasks to queue
[2024-03-18T12:23:44.306+0000] {logging_mixin.py:188} INFO - [2024-03-18T12:23:44.306+0000] {dagbag.py:540} INFO - Filling up the DagBag from /opt/airflow/dags/dags_file_transfer.py
[2024-03-18T12:23:44.316+0000] {processor.py:840} INFO - DAG(s) 'file_transfer' retrieved from /opt/airflow/dags/dags_file_transfer.py
[2024-03-18T12:23:44.338+0000] {logging_mixin.py:188} INFO - [2024-03-18T12:23:44.338+0000] {dag.py:3047} INFO - Sync 1 DAGs
[2024-03-18T12:23:44.372+0000] {logging_mixin.py:188} INFO - [2024-03-18T12:23:44.372+0000] {dag.py:3834} INFO - Setting next_dagrun for file_transfer to 2024-03-18 12:00:00+00:00, run_after=2024-03-18 13:00:00+00:00
[2024-03-18T12:23:44.411+0000] {processor.py:183} INFO - Processing /opt/airflow/dags/dags_file_transfer.py took 0.119 seconds
[2024-03-18T12:23:45.314+0000] {processor.py:161} INFO - Started process (PID=127) to work on /opt/airflow/dags/dags_file_transfer.py
[2024-03-18T12:23:45.315+0000] {processor.py:830} INFO - Processing file /opt/airflow/dags/dags_file_transfer.py for tasks to queue
[2024-03-18T12:23:45.316+0000] {logging_mixin.py:188} INFO - [2024-03-18T12:23:45.316+0000] {dagbag.py:540} INFO - Filling up the DagBag from /opt/airflow/dags/dags_file_transfer.py
[2024-03-18T12:23:45.322+0000] {processor.py:840} INFO - DAG(s) 'file_transfer' retrieved from /opt/airflow/dags/dags_file_transfer.py
[2024-03-18T12:23:45.339+0000] {logging_mixin.py:188} INFO - [2024-03-18T12:23:45.339+0000] {dag.py:3047} INFO - Sync 1 DAGs
[2024-03-18T12:23:45.358+0000] {logging_mixin.py:188} INFO - [2024-03-18T12:23:45.358+0000] {dag.py:3834} INFO - Setting next_dagrun for file_transfer to 2024-03-18 12:00:00+00:00, run_after=2024-03-18 13:00:00+00:00
[2024-03-18T12:23:45.370+0000] {processor.py:183} INFO - Processing /opt/airflow/dags/dags_file_transfer.py took 0.060 seconds
[2024-03-18T12:24:15.520+0000] {processor.py:161} INFO - Started process (PID=134) to work on /opt/airflow/dags/dags_file_transfer.py
[2024-03-18T12:24:15.527+0000] {processor.py:830} INFO - Processing file /opt/airflow/dags/dags_file_transfer.py for tasks to queue
[2024-03-18T12:24:15.528+0000] {logging_mixin.py:188} INFO - [2024-03-18T12:24:15.528+0000] {dagbag.py:540} INFO - Filling up the DagBag from /opt/airflow/dags/dags_file_transfer.py
[2024-03-18T12:24:15.533+0000] {processor.py:840} INFO - DAG(s) 'file_transfer' retrieved from /opt/airflow/dags/dags_file_transfer.py
[2024-03-18T12:24:15.549+0000] {logging_mixin.py:188} INFO - [2024-03-18T12:24:15.548+0000] {dag.py:3047} INFO - Sync 1 DAGs
[2024-03-18T12:24:15.570+0000] {logging_mixin.py:188} INFO - [2024-03-18T12:24:15.570+0000] {dag.py:3834} INFO - Setting next_dagrun for file_transfer to 2024-03-18 12:00:00+00:00, run_after=2024-03-18 13:00:00+00:00
[2024-03-18T12:24:15.587+0000] {processor.py:183} INFO - Processing /opt/airflow/dags/dags_file_transfer.py took 0.070 seconds
[2024-03-18T12:24:45.743+0000] {processor.py:161} INFO - Started process (PID=141) to work on /opt/airflow/dags/dags_file_transfer.py
[2024-03-18T12:24:45.744+0000] {processor.py:830} INFO - Processing file /opt/airflow/dags/dags_file_transfer.py for tasks to queue
[2024-03-18T12:24:45.745+0000] {logging_mixin.py:188} INFO - [2024-03-18T12:24:45.745+0000] {dagbag.py:540} INFO - Filling up the DagBag from /opt/airflow/dags/dags_file_transfer.py
[2024-03-18T12:24:45.751+0000] {processor.py:840} INFO - DAG(s) 'file_transfer' retrieved from /opt/airflow/dags/dags_file_transfer.py
[2024-03-18T12:24:45.771+0000] {logging_mixin.py:188} INFO - [2024-03-18T12:24:45.770+0000] {dag.py:3047} INFO - Sync 1 DAGs
[2024-03-18T12:24:45.791+0000] {logging_mixin.py:188} INFO - [2024-03-18T12:24:45.791+0000] {dag.py:3834} INFO - Setting next_dagrun for file_transfer to 2024-03-18 12:00:00+00:00, run_after=2024-03-18 13:00:00+00:00
[2024-03-18T12:24:45.807+0000] {processor.py:183} INFO - Processing /opt/airflow/dags/dags_file_transfer.py took 0.067 seconds
[2024-03-18T12:25:14.989+0000] {processor.py:161} INFO - Started process (PID=148) to work on /opt/airflow/dags/dags_file_transfer.py
[2024-03-18T12:25:14.991+0000] {processor.py:830} INFO - Processing file /opt/airflow/dags/dags_file_transfer.py for tasks to queue
[2024-03-18T12:25:14.992+0000] {logging_mixin.py:188} INFO - [2024-03-18T12:25:14.992+0000] {dagbag.py:540} INFO - Filling up the DagBag from /opt/airflow/dags/dags_file_transfer.py
[2024-03-18T12:25:14.999+0000] {processor.py:840} INFO - DAG(s) 'file_transfer' retrieved from /opt/airflow/dags/dags_file_transfer.py
[2024-03-18T12:25:15.016+0000] {logging_mixin.py:188} INFO - [2024-03-18T12:25:15.016+0000] {dag.py:3047} INFO - Sync 1 DAGs
[2024-03-18T12:25:15.037+0000] {logging_mixin.py:188} INFO - [2024-03-18T12:25:15.037+0000] {dag.py:3834} INFO - Setting next_dagrun for file_transfer to 2024-03-18 12:00:00+00:00, run_after=2024-03-18 13:00:00+00:00
[2024-03-18T12:25:15.055+0000] {processor.py:183} INFO - Processing /opt/airflow/dags/dags_file_transfer.py took 0.069 seconds
[2024-03-18T12:25:45.196+0000] {processor.py:161} INFO - Started process (PID=155) to work on /opt/airflow/dags/dags_file_transfer.py
[2024-03-18T12:25:45.203+0000] {processor.py:830} INFO - Processing file /opt/airflow/dags/dags_file_transfer.py for tasks to queue
[2024-03-18T12:25:45.204+0000] {logging_mixin.py:188} INFO - [2024-03-18T12:25:45.204+0000] {dagbag.py:540} INFO - Filling up the DagBag from /opt/airflow/dags/dags_file_transfer.py
[2024-03-18T12:25:45.209+0000] {processor.py:840} INFO - DAG(s) 'file_transfer' retrieved from /opt/airflow/dags/dags_file_transfer.py
[2024-03-18T12:25:45.224+0000] {logging_mixin.py:188} INFO - [2024-03-18T12:25:45.224+0000] {dag.py:3047} INFO - Sync 1 DAGs
[2024-03-18T12:25:45.245+0000] {logging_mixin.py:188} INFO - [2024-03-18T12:25:45.245+0000] {dag.py:3834} INFO - Setting next_dagrun for file_transfer to 2024-03-18 12:00:00+00:00, run_after=2024-03-18 13:00:00+00:00
[2024-03-18T12:25:45.260+0000] {processor.py:183} INFO - Processing /opt/airflow/dags/dags_file_transfer.py took 0.067 seconds
[2024-03-18T12:26:08.383+0000] {processor.py:161} INFO - Started process (PID=156) to work on /opt/airflow/dags/dags_file_transfer.py
[2024-03-18T12:26:08.391+0000] {processor.py:830} INFO - Processing file /opt/airflow/dags/dags_file_transfer.py for tasks to queue
[2024-03-18T12:26:08.394+0000] {logging_mixin.py:188} INFO - [2024-03-18T12:26:08.394+0000] {dagbag.py:540} INFO - Filling up the DagBag from /opt/airflow/dags/dags_file_transfer.py
[2024-03-18T12:26:08.404+0000] {processor.py:840} INFO - DAG(s) 'tutorial_taskflow_api' retrieved from /opt/airflow/dags/dags_file_transfer.py
[2024-03-18T12:26:08.569+0000] {logging_mixin.py:188} INFO - [2024-03-18T12:26:08.567+0000] {override.py:1769} INFO - Created Permission View: can delete on DAG:tutorial_taskflow_api
[2024-03-18T12:26:08.589+0000] {logging_mixin.py:188} INFO - [2024-03-18T12:26:08.588+0000] {override.py:1769} INFO - Created Permission View: can read on DAG:tutorial_taskflow_api
[2024-03-18T12:26:08.601+0000] {logging_mixin.py:188} INFO - [2024-03-18T12:26:08.600+0000] {override.py:1769} INFO - Created Permission View: can edit on DAG:tutorial_taskflow_api
[2024-03-18T12:26:08.601+0000] {logging_mixin.py:188} INFO - [2024-03-18T12:26:08.601+0000] {dag.py:3047} INFO - Sync 1 DAGs
[2024-03-18T12:26:08.615+0000] {logging_mixin.py:188} INFO - [2024-03-18T12:26:08.615+0000] {dag.py:3069} INFO - Creating ORM DAG for tutorial_taskflow_api
[2024-03-18T12:26:08.616+0000] {logging_mixin.py:188} INFO - [2024-03-18T12:26:08.616+0000] {dag.py:3834} INFO - Setting next_dagrun for tutorial_taskflow_api to None, run_after=None
[2024-03-18T12:26:08.642+0000] {processor.py:183} INFO - Processing /opt/airflow/dags/dags_file_transfer.py took 0.264 seconds
[2024-03-18T12:26:38.829+0000] {processor.py:161} INFO - Started process (PID=163) to work on /opt/airflow/dags/dags_file_transfer.py
[2024-03-18T12:26:38.831+0000] {processor.py:830} INFO - Processing file /opt/airflow/dags/dags_file_transfer.py for tasks to queue
[2024-03-18T12:26:38.834+0000] {logging_mixin.py:188} INFO - [2024-03-18T12:26:38.834+0000] {dagbag.py:540} INFO - Filling up the DagBag from /opt/airflow/dags/dags_file_transfer.py
[2024-03-18T12:26:38.846+0000] {processor.py:840} INFO - DAG(s) 'tutorial_taskflow_api' retrieved from /opt/airflow/dags/dags_file_transfer.py
[2024-03-18T12:26:38.894+0000] {logging_mixin.py:188} INFO - [2024-03-18T12:26:38.893+0000] {dag.py:3047} INFO - Sync 1 DAGs
[2024-03-18T12:26:38.918+0000] {logging_mixin.py:188} INFO - [2024-03-18T12:26:38.917+0000] {dag.py:3834} INFO - Setting next_dagrun for tutorial_taskflow_api to None, run_after=None
[2024-03-18T12:26:38.946+0000] {processor.py:183} INFO - Processing /opt/airflow/dags/dags_file_transfer.py took 0.122 seconds
[2024-03-18T12:26:54.927+0000] {processor.py:161} INFO - Started process (PID=170) to work on /opt/airflow/dags/dags_file_transfer.py
[2024-03-18T12:26:54.928+0000] {processor.py:830} INFO - Processing file /opt/airflow/dags/dags_file_transfer.py for tasks to queue
[2024-03-18T12:26:54.929+0000] {logging_mixin.py:188} INFO - [2024-03-18T12:26:54.929+0000] {dagbag.py:540} INFO - Filling up the DagBag from /opt/airflow/dags/dags_file_transfer.py
[2024-03-18T12:26:54.938+0000] {processor.py:840} INFO - DAG(s) 'file_transfer' retrieved from /opt/airflow/dags/dags_file_transfer.py
[2024-03-18T12:26:55.004+0000] {logging_mixin.py:188} INFO - [2024-03-18T12:26:55.004+0000] {dag.py:3047} INFO - Sync 1 DAGs
[2024-03-18T12:26:55.010+0000] {logging_mixin.py:188} INFO - [2024-03-18T12:26:55.010+0000] {dag.py:3069} INFO - Creating ORM DAG for file_transfer
[2024-03-18T12:26:55.016+0000] {logging_mixin.py:188} INFO - [2024-03-18T12:26:55.016+0000] {dag.py:3834} INFO - Setting next_dagrun for file_transfer to 2024-03-18 11:00:00+00:00, run_after=2024-03-18 12:00:00+00:00
[2024-03-18T12:26:55.029+0000] {processor.py:183} INFO - Processing /opt/airflow/dags/dags_file_transfer.py took 0.106 seconds
[2024-03-18T12:27:25.235+0000] {processor.py:161} INFO - Started process (PID=177) to work on /opt/airflow/dags/dags_file_transfer.py
[2024-03-18T12:27:25.243+0000] {processor.py:830} INFO - Processing file /opt/airflow/dags/dags_file_transfer.py for tasks to queue
[2024-03-18T12:27:25.244+0000] {logging_mixin.py:188} INFO - [2024-03-18T12:27:25.244+0000] {dagbag.py:540} INFO - Filling up the DagBag from /opt/airflow/dags/dags_file_transfer.py
[2024-03-18T12:27:25.251+0000] {processor.py:840} INFO - DAG(s) 'file_transfer' retrieved from /opt/airflow/dags/dags_file_transfer.py
[2024-03-18T12:27:25.267+0000] {logging_mixin.py:188} INFO - [2024-03-18T12:27:25.267+0000] {dag.py:3047} INFO - Sync 1 DAGs
[2024-03-18T12:27:25.280+0000] {logging_mixin.py:188} INFO - [2024-03-18T12:27:25.279+0000] {dag.py:3834} INFO - Setting next_dagrun for file_transfer to 2024-03-18 12:00:00+00:00, run_after=2024-03-18 13:00:00+00:00
[2024-03-18T12:27:25.290+0000] {processor.py:183} INFO - Processing /opt/airflow/dags/dags_file_transfer.py took 0.058 seconds
[2024-03-18T12:27:40.334+0000] {processor.py:161} INFO - Started process (PID=178) to work on /opt/airflow/dags/dags_file_transfer.py
[2024-03-18T12:27:40.334+0000] {processor.py:830} INFO - Processing file /opt/airflow/dags/dags_file_transfer.py for tasks to queue
[2024-03-18T12:27:40.335+0000] {logging_mixin.py:188} INFO - [2024-03-18T12:27:40.335+0000] {dagbag.py:540} INFO - Filling up the DagBag from /opt/airflow/dags/dags_file_transfer.py
[2024-03-18T12:27:40.341+0000] {processor.py:840} INFO - DAG(s) 'file_transfer' retrieved from /opt/airflow/dags/dags_file_transfer.py
[2024-03-18T12:27:40.364+0000] {logging_mixin.py:188} INFO - [2024-03-18T12:27:40.364+0000] {dag.py:3047} INFO - Sync 1 DAGs
[2024-03-18T12:27:40.379+0000] {logging_mixin.py:188} INFO - [2024-03-18T12:27:40.379+0000] {dag.py:3834} INFO - Setting next_dagrun for file_transfer to 2024-03-18 12:00:00+00:00, run_after=2024-03-18 13:00:00+00:00
[2024-03-18T12:27:40.392+0000] {processor.py:183} INFO - Processing /opt/airflow/dags/dags_file_transfer.py took 0.061 seconds
[2024-03-18T12:27:51.447+0000] {processor.py:161} INFO - Started process (PID=184) to work on /opt/airflow/dags/dags_file_transfer.py
[2024-03-18T12:27:51.448+0000] {processor.py:830} INFO - Processing file /opt/airflow/dags/dags_file_transfer.py for tasks to queue
[2024-03-18T12:27:51.450+0000] {logging_mixin.py:188} INFO - [2024-03-18T12:27:51.449+0000] {dagbag.py:540} INFO - Filling up the DagBag from /opt/airflow/dags/dags_file_transfer.py
[2024-03-18T12:27:51.457+0000] {processor.py:840} INFO - DAG(s) 'file_transfer' retrieved from /opt/airflow/dags/dags_file_transfer.py
[2024-03-18T12:27:51.477+0000] {logging_mixin.py:188} INFO - [2024-03-18T12:27:51.476+0000] {dag.py:3047} INFO - Sync 1 DAGs
[2024-03-18T12:27:51.495+0000] {logging_mixin.py:188} INFO - [2024-03-18T12:27:51.495+0000] {dag.py:3834} INFO - Setting next_dagrun for file_transfer to 2024-03-18 12:00:00+00:00, run_after=2024-03-18 13:00:00+00:00
[2024-03-18T12:27:51.512+0000] {processor.py:183} INFO - Processing /opt/airflow/dags/dags_file_transfer.py took 0.067 seconds
[2024-03-18T12:28:02.592+0000] {processor.py:161} INFO - Started process (PID=185) to work on /opt/airflow/dags/dags_file_transfer.py
[2024-03-18T12:28:02.593+0000] {processor.py:830} INFO - Processing file /opt/airflow/dags/dags_file_transfer.py for tasks to queue
[2024-03-18T12:28:02.595+0000] {logging_mixin.py:188} INFO - [2024-03-18T12:28:02.594+0000] {dagbag.py:540} INFO - Filling up the DagBag from /opt/airflow/dags/dags_file_transfer.py
[2024-03-18T12:28:02.604+0000] {processor.py:840} INFO - DAG(s) 'file_transfer' retrieved from /opt/airflow/dags/dags_file_transfer.py
[2024-03-18T12:28:02.630+0000] {logging_mixin.py:188} INFO - [2024-03-18T12:28:02.630+0000] {dag.py:3047} INFO - Sync 1 DAGs
[2024-03-18T12:28:02.649+0000] {logging_mixin.py:188} INFO - [2024-03-18T12:28:02.649+0000] {dag.py:3834} INFO - Setting next_dagrun for file_transfer to 2024-03-18 12:00:00+00:00, run_after=2024-03-18 13:00:00+00:00
[2024-03-18T12:28:02.667+0000] {processor.py:183} INFO - Processing /opt/airflow/dags/dags_file_transfer.py took 0.078 seconds
[2024-03-18T12:28:32.787+0000] {processor.py:161} INFO - Started process (PID=191) to work on /opt/airflow/dags/dags_file_transfer.py
[2024-03-18T12:28:32.788+0000] {processor.py:830} INFO - Processing file /opt/airflow/dags/dags_file_transfer.py for tasks to queue
[2024-03-18T12:28:32.788+0000] {logging_mixin.py:188} INFO - [2024-03-18T12:28:32.788+0000] {dagbag.py:540} INFO - Filling up the DagBag from /opt/airflow/dags/dags_file_transfer.py
[2024-03-18T12:28:32.793+0000] {processor.py:840} INFO - DAG(s) 'file_transfer' retrieved from /opt/airflow/dags/dags_file_transfer.py
[2024-03-18T12:28:32.810+0000] {logging_mixin.py:188} INFO - [2024-03-18T12:28:32.810+0000] {dag.py:3047} INFO - Sync 1 DAGs
[2024-03-18T12:28:32.824+0000] {logging_mixin.py:188} INFO - [2024-03-18T12:28:32.823+0000] {dag.py:3834} INFO - Setting next_dagrun for file_transfer to 2024-03-18 12:00:00+00:00, run_after=2024-03-18 13:00:00+00:00
[2024-03-18T12:28:32.835+0000] {processor.py:183} INFO - Processing /opt/airflow/dags/dags_file_transfer.py took 0.052 seconds
