[2024-03-18T08:38:58.423+0000] {processor.py:161} INFO - Started process (PID=104) to work on /opt/airflow/dags/source_file_transfer.py
[2024-03-18T08:38:58.424+0000] {processor.py:830} INFO - Processing file /opt/airflow/dags/source_file_transfer.py for tasks to queue
[2024-03-18T08:38:58.425+0000] {logging_mixin.py:188} INFO - [2024-03-18T08:38:58.424+0000] {dagbag.py:540} INFO - Filling up the DagBag from /opt/airflow/dags/source_file_transfer.py
[2024-03-18T08:38:58.432+0000] {processor.py:840} INFO - DAG(s) 'tutorial_taskflow_api' retrieved from /opt/airflow/dags/source_file_transfer.py
[2024-03-18T08:38:58.558+0000] {logging_mixin.py:188} INFO - [2024-03-18T08:38:58.558+0000] {override.py:1769} INFO - Created Permission View: can edit on DAG:tutorial_taskflow_api
[2024-03-18T08:38:58.566+0000] {logging_mixin.py:188} INFO - [2024-03-18T08:38:58.566+0000] {override.py:1769} INFO - Created Permission View: can delete on DAG:tutorial_taskflow_api
[2024-03-18T08:38:58.572+0000] {logging_mixin.py:188} INFO - [2024-03-18T08:38:58.571+0000] {override.py:1769} INFO - Created Permission View: can read on DAG:tutorial_taskflow_api
[2024-03-18T08:38:58.572+0000] {logging_mixin.py:188} INFO - [2024-03-18T08:38:58.572+0000] {dag.py:3047} INFO - Sync 1 DAGs
[2024-03-18T08:38:58.582+0000] {logging_mixin.py:188} INFO - [2024-03-18T08:38:58.582+0000] {dag.py:3069} INFO - Creating ORM DAG for tutorial_taskflow_api
[2024-03-18T08:38:58.582+0000] {logging_mixin.py:188} INFO - [2024-03-18T08:38:58.582+0000] {dag.py:3834} INFO - Setting next_dagrun for tutorial_taskflow_api to None, run_after=None
[2024-03-18T08:38:58.596+0000] {processor.py:183} INFO - Processing /opt/airflow/dags/source_file_transfer.py took 0.175 seconds
[2024-03-18T08:39:28.625+0000] {processor.py:161} INFO - Started process (PID=111) to work on /opt/airflow/dags/source_file_transfer.py
[2024-03-18T08:39:28.628+0000] {processor.py:830} INFO - Processing file /opt/airflow/dags/source_file_transfer.py for tasks to queue
[2024-03-18T08:39:28.629+0000] {logging_mixin.py:188} INFO - [2024-03-18T08:39:28.629+0000] {dagbag.py:540} INFO - Filling up the DagBag from /opt/airflow/dags/source_file_transfer.py
[2024-03-18T08:39:28.636+0000] {processor.py:840} INFO - DAG(s) 'tutorial_taskflow_api' retrieved from /opt/airflow/dags/source_file_transfer.py
[2024-03-18T08:39:28.655+0000] {logging_mixin.py:188} INFO - [2024-03-18T08:39:28.655+0000] {dag.py:3047} INFO - Sync 1 DAGs
[2024-03-18T08:39:28.663+0000] {logging_mixin.py:188} INFO - [2024-03-18T08:39:28.662+0000] {dag.py:3834} INFO - Setting next_dagrun for tutorial_taskflow_api to None, run_after=None
[2024-03-18T08:39:28.675+0000] {processor.py:183} INFO - Processing /opt/airflow/dags/source_file_transfer.py took 0.052 seconds
[2024-03-18T08:39:46.738+0000] {processor.py:161} INFO - Started process (PID=118) to work on /opt/airflow/dags/source_file_transfer.py
[2024-03-18T08:39:46.746+0000] {processor.py:830} INFO - Processing file /opt/airflow/dags/source_file_transfer.py for tasks to queue
[2024-03-18T08:39:46.748+0000] {logging_mixin.py:188} INFO - [2024-03-18T08:39:46.747+0000] {dagbag.py:540} INFO - Filling up the DagBag from /opt/airflow/dags/source_file_transfer.py
[2024-03-18T08:39:46.753+0000] {processor.py:840} INFO - DAG(s) 'tutorial_taskflow_api' retrieved from /opt/airflow/dags/source_file_transfer.py
[2024-03-18T08:39:46.774+0000] {logging_mixin.py:188} INFO - [2024-03-18T08:39:46.774+0000] {dag.py:3047} INFO - Sync 1 DAGs
[2024-03-18T08:39:46.782+0000] {logging_mixin.py:188} INFO - [2024-03-18T08:39:46.782+0000] {dag.py:3834} INFO - Setting next_dagrun for tutorial_taskflow_api to None, run_after=None
[2024-03-18T08:39:46.803+0000] {processor.py:183} INFO - Processing /opt/airflow/dags/source_file_transfer.py took 0.068 seconds
[2024-03-18T08:39:50.848+0000] {processor.py:161} INFO - Started process (PID=119) to work on /opt/airflow/dags/source_file_transfer.py
[2024-03-18T08:39:50.849+0000] {processor.py:830} INFO - Processing file /opt/airflow/dags/source_file_transfer.py for tasks to queue
[2024-03-18T08:39:50.851+0000] {logging_mixin.py:188} INFO - [2024-03-18T08:39:50.850+0000] {dagbag.py:540} INFO - Filling up the DagBag from /opt/airflow/dags/source_file_transfer.py
[2024-03-18T08:39:50.858+0000] {processor.py:840} INFO - DAG(s) 'tutorial_taskflow_api' retrieved from /opt/airflow/dags/source_file_transfer.py
[2024-03-18T08:39:50.922+0000] {logging_mixin.py:188} INFO - [2024-03-18T08:39:50.922+0000] {dag.py:3047} INFO - Sync 1 DAGs
[2024-03-18T08:39:50.928+0000] {logging_mixin.py:188} INFO - [2024-03-18T08:39:50.928+0000] {dag.py:3834} INFO - Setting next_dagrun for tutorial_taskflow_api to None, run_after=None
[2024-03-18T08:39:50.941+0000] {processor.py:183} INFO - Processing /opt/airflow/dags/source_file_transfer.py took 0.095 seconds
[2024-03-18T08:40:18.033+0000] {processor.py:161} INFO - Started process (PID=126) to work on /opt/airflow/dags/source_file_transfer.py
[2024-03-18T08:40:18.041+0000] {processor.py:830} INFO - Processing file /opt/airflow/dags/source_file_transfer.py for tasks to queue
[2024-03-18T08:40:18.044+0000] {logging_mixin.py:188} INFO - [2024-03-18T08:40:18.044+0000] {dagbag.py:540} INFO - Filling up the DagBag from /opt/airflow/dags/source_file_transfer.py
[2024-03-18T08:40:18.052+0000] {processor.py:840} INFO - DAG(s) 'tutorial_taskflow_api' retrieved from /opt/airflow/dags/source_file_transfer.py
[2024-03-18T08:40:18.062+0000] {logging_mixin.py:188} INFO - [2024-03-18T08:40:18.061+0000] {dag.py:3047} INFO - Sync 1 DAGs
[2024-03-18T08:40:18.071+0000] {logging_mixin.py:188} INFO - [2024-03-18T08:40:18.070+0000] {dag.py:3834} INFO - Setting next_dagrun for tutorial_taskflow_api to None, run_after=None
[2024-03-18T08:40:18.093+0000] {processor.py:183} INFO - Processing /opt/airflow/dags/source_file_transfer.py took 0.063 seconds
[2024-03-18T08:40:20.121+0000] {processor.py:161} INFO - Started process (PID=127) to work on /opt/airflow/dags/source_file_transfer.py
[2024-03-18T08:40:20.122+0000] {processor.py:830} INFO - Processing file /opt/airflow/dags/source_file_transfer.py for tasks to queue
[2024-03-18T08:40:20.124+0000] {logging_mixin.py:188} INFO - [2024-03-18T08:40:20.124+0000] {dagbag.py:540} INFO - Filling up the DagBag from /opt/airflow/dags/source_file_transfer.py
[2024-03-18T08:40:20.132+0000] {processor.py:840} INFO - DAG(s) 'tutorial_taskflow_api' retrieved from /opt/airflow/dags/source_file_transfer.py
[2024-03-18T08:40:20.145+0000] {logging_mixin.py:188} INFO - [2024-03-18T08:40:20.144+0000] {dag.py:3047} INFO - Sync 1 DAGs
[2024-03-18T08:40:20.156+0000] {logging_mixin.py:188} INFO - [2024-03-18T08:40:20.156+0000] {dag.py:3834} INFO - Setting next_dagrun for tutorial_taskflow_api to None, run_after=None
[2024-03-18T08:40:20.174+0000] {processor.py:183} INFO - Processing /opt/airflow/dags/source_file_transfer.py took 0.057 seconds
[2024-03-18T08:40:25.166+0000] {processor.py:161} INFO - Started process (PID=128) to work on /opt/airflow/dags/source_file_transfer.py
[2024-03-18T08:40:25.167+0000] {processor.py:830} INFO - Processing file /opt/airflow/dags/source_file_transfer.py for tasks to queue
[2024-03-18T08:40:25.168+0000] {logging_mixin.py:188} INFO - [2024-03-18T08:40:25.168+0000] {dagbag.py:540} INFO - Filling up the DagBag from /opt/airflow/dags/source_file_transfer.py
[2024-03-18T08:40:25.174+0000] {processor.py:840} INFO - DAG(s) 'tutorial_taskflow_api' retrieved from /opt/airflow/dags/source_file_transfer.py
[2024-03-18T08:40:25.243+0000] {logging_mixin.py:188} INFO - [2024-03-18T08:40:25.243+0000] {dag.py:3047} INFO - Sync 1 DAGs
[2024-03-18T08:40:25.248+0000] {logging_mixin.py:188} INFO - [2024-03-18T08:40:25.248+0000] {dag.py:3834} INFO - Setting next_dagrun for tutorial_taskflow_api to None, run_after=None
[2024-03-18T08:40:25.263+0000] {processor.py:183} INFO - Processing /opt/airflow/dags/source_file_transfer.py took 0.101 seconds
[2024-03-18T08:40:29.241+0000] {processor.py:161} INFO - Started process (PID=129) to work on /opt/airflow/dags/source_file_transfer.py
[2024-03-18T08:40:29.241+0000] {processor.py:830} INFO - Processing file /opt/airflow/dags/source_file_transfer.py for tasks to queue
[2024-03-18T08:40:29.242+0000] {logging_mixin.py:188} INFO - [2024-03-18T08:40:29.242+0000] {dagbag.py:540} INFO - Filling up the DagBag from /opt/airflow/dags/source_file_transfer.py
[2024-03-18T08:40:29.248+0000] {processor.py:840} INFO - DAG(s) 'tutorial_taskflow_api' retrieved from /opt/airflow/dags/source_file_transfer.py
[2024-03-18T08:40:29.262+0000] {logging_mixin.py:188} INFO - [2024-03-18T08:40:29.262+0000] {dag.py:3047} INFO - Sync 1 DAGs
[2024-03-18T08:40:29.274+0000] {logging_mixin.py:188} INFO - [2024-03-18T08:40:29.274+0000] {dag.py:3834} INFO - Setting next_dagrun for tutorial_taskflow_api to None, run_after=None
[2024-03-18T08:40:29.290+0000] {processor.py:183} INFO - Processing /opt/airflow/dags/source_file_transfer.py took 0.051 seconds
[2024-03-18T08:40:31.320+0000] {processor.py:161} INFO - Started process (PID=130) to work on /opt/airflow/dags/source_file_transfer.py
[2024-03-18T08:40:31.321+0000] {processor.py:830} INFO - Processing file /opt/airflow/dags/source_file_transfer.py for tasks to queue
[2024-03-18T08:40:31.322+0000] {logging_mixin.py:188} INFO - [2024-03-18T08:40:31.322+0000] {dagbag.py:540} INFO - Filling up the DagBag from /opt/airflow/dags/source_file_transfer.py
[2024-03-18T08:40:31.329+0000] {processor.py:840} INFO - DAG(s) 'tutorial_taskflow_api' retrieved from /opt/airflow/dags/source_file_transfer.py
[2024-03-18T08:40:31.345+0000] {logging_mixin.py:188} INFO - [2024-03-18T08:40:31.345+0000] {dag.py:3047} INFO - Sync 1 DAGs
[2024-03-18T08:40:31.359+0000] {logging_mixin.py:188} INFO - [2024-03-18T08:40:31.358+0000] {dag.py:3834} INFO - Setting next_dagrun for tutorial_taskflow_api to None, run_after=None
[2024-03-18T08:40:31.376+0000] {processor.py:183} INFO - Processing /opt/airflow/dags/source_file_transfer.py took 0.060 seconds
[2024-03-18T08:40:57.497+0000] {processor.py:161} INFO - Started process (PID=137) to work on /opt/airflow/dags/source_file_transfer.py
[2024-03-18T08:40:57.504+0000] {processor.py:830} INFO - Processing file /opt/airflow/dags/source_file_transfer.py for tasks to queue
[2024-03-18T08:40:57.506+0000] {logging_mixin.py:188} INFO - [2024-03-18T08:40:57.506+0000] {dagbag.py:540} INFO - Filling up the DagBag from /opt/airflow/dags/source_file_transfer.py
[2024-03-18T08:40:57.513+0000] {processor.py:840} INFO - DAG(s) 'tutorial_taskflow_api' retrieved from /opt/airflow/dags/source_file_transfer.py
[2024-03-18T08:40:57.594+0000] {logging_mixin.py:188} INFO - [2024-03-18T08:40:57.594+0000] {dag.py:3047} INFO - Sync 1 DAGs
[2024-03-18T08:40:57.604+0000] {logging_mixin.py:188} INFO - [2024-03-18T08:40:57.604+0000] {dag.py:3834} INFO - Setting next_dagrun for tutorial_taskflow_api to None, run_after=None
[2024-03-18T08:40:57.645+0000] {processor.py:183} INFO - Processing /opt/airflow/dags/source_file_transfer.py took 0.151 seconds
[2024-03-18T08:40:59.564+0000] {processor.py:161} INFO - Started process (PID=138) to work on /opt/airflow/dags/source_file_transfer.py
[2024-03-18T08:40:59.565+0000] {processor.py:830} INFO - Processing file /opt/airflow/dags/source_file_transfer.py for tasks to queue
[2024-03-18T08:40:59.566+0000] {logging_mixin.py:188} INFO - [2024-03-18T08:40:59.566+0000] {dagbag.py:540} INFO - Filling up the DagBag from /opt/airflow/dags/source_file_transfer.py
[2024-03-18T08:40:59.572+0000] {processor.py:840} INFO - DAG(s) 'tutorial_taskflow_api' retrieved from /opt/airflow/dags/source_file_transfer.py
[2024-03-18T08:40:59.582+0000] {logging_mixin.py:188} INFO - [2024-03-18T08:40:59.582+0000] {dag.py:3047} INFO - Sync 1 DAGs
[2024-03-18T08:40:59.594+0000] {logging_mixin.py:188} INFO - [2024-03-18T08:40:59.594+0000] {dag.py:3834} INFO - Setting next_dagrun for tutorial_taskflow_api to None, run_after=None
[2024-03-18T08:40:59.610+0000] {processor.py:183} INFO - Processing /opt/airflow/dags/source_file_transfer.py took 0.048 seconds
[2024-03-18T08:41:09.632+0000] {processor.py:161} INFO - Started process (PID=139) to work on /opt/airflow/dags/source_file_transfer.py
[2024-03-18T08:41:09.634+0000] {processor.py:830} INFO - Processing file /opt/airflow/dags/source_file_transfer.py for tasks to queue
[2024-03-18T08:41:09.635+0000] {logging_mixin.py:188} INFO - [2024-03-18T08:41:09.634+0000] {dagbag.py:540} INFO - Filling up the DagBag from /opt/airflow/dags/source_file_transfer.py
[2024-03-18T08:41:09.641+0000] {processor.py:840} INFO - DAG(s) 'tutorial_taskflow_api' retrieved from /opt/airflow/dags/source_file_transfer.py
[2024-03-18T08:41:09.651+0000] {logging_mixin.py:188} INFO - [2024-03-18T08:41:09.651+0000] {dag.py:3047} INFO - Sync 1 DAGs
[2024-03-18T08:41:09.661+0000] {logging_mixin.py:188} INFO - [2024-03-18T08:41:09.661+0000] {dag.py:3834} INFO - Setting next_dagrun for tutorial_taskflow_api to None, run_after=None
[2024-03-18T08:41:09.673+0000] {processor.py:183} INFO - Processing /opt/airflow/dags/source_file_transfer.py took 0.044 seconds
[2024-03-18T08:41:11.697+0000] {processor.py:161} INFO - Started process (PID=140) to work on /opt/airflow/dags/source_file_transfer.py
[2024-03-18T08:41:11.698+0000] {processor.py:830} INFO - Processing file /opt/airflow/dags/source_file_transfer.py for tasks to queue
[2024-03-18T08:41:11.699+0000] {logging_mixin.py:188} INFO - [2024-03-18T08:41:11.699+0000] {dagbag.py:540} INFO - Filling up the DagBag from /opt/airflow/dags/source_file_transfer.py
[2024-03-18T08:41:11.705+0000] {processor.py:840} INFO - DAG(s) 'tutorial_taskflow_api' retrieved from /opt/airflow/dags/source_file_transfer.py
[2024-03-18T08:41:11.718+0000] {logging_mixin.py:188} INFO - [2024-03-18T08:41:11.717+0000] {dag.py:3047} INFO - Sync 1 DAGs
[2024-03-18T08:41:11.731+0000] {logging_mixin.py:188} INFO - [2024-03-18T08:41:11.731+0000] {dag.py:3834} INFO - Setting next_dagrun for tutorial_taskflow_api to None, run_after=None
[2024-03-18T08:41:11.746+0000] {processor.py:183} INFO - Processing /opt/airflow/dags/source_file_transfer.py took 0.051 seconds
[2024-03-18T08:41:41.923+0000] {processor.py:161} INFO - Started process (PID=147) to work on /opt/airflow/dags/source_file_transfer.py
[2024-03-18T08:41:41.931+0000] {processor.py:830} INFO - Processing file /opt/airflow/dags/source_file_transfer.py for tasks to queue
[2024-03-18T08:41:41.932+0000] {logging_mixin.py:188} INFO - [2024-03-18T08:41:41.932+0000] {dagbag.py:540} INFO - Filling up the DagBag from /opt/airflow/dags/source_file_transfer.py
[2024-03-18T08:41:41.938+0000] {processor.py:840} INFO - DAG(s) 'tutorial_taskflow_api' retrieved from /opt/airflow/dags/source_file_transfer.py
[2024-03-18T08:41:41.999+0000] {logging_mixin.py:188} INFO - [2024-03-18T08:41:41.999+0000] {dag.py:3047} INFO - Sync 1 DAGs
[2024-03-18T08:41:42.006+0000] {logging_mixin.py:188} INFO - [2024-03-18T08:41:42.005+0000] {dag.py:3834} INFO - Setting next_dagrun for tutorial_taskflow_api to None, run_after=None
[2024-03-18T08:41:42.018+0000] {processor.py:183} INFO - Processing /opt/airflow/dags/source_file_transfer.py took 0.097 seconds
[2024-03-18T08:42:12.191+0000] {processor.py:161} INFO - Started process (PID=153) to work on /opt/airflow/dags/source_file_transfer.py
[2024-03-18T08:42:12.198+0000] {processor.py:830} INFO - Processing file /opt/airflow/dags/source_file_transfer.py for tasks to queue
[2024-03-18T08:42:12.200+0000] {logging_mixin.py:188} INFO - [2024-03-18T08:42:12.200+0000] {dagbag.py:540} INFO - Filling up the DagBag from /opt/airflow/dags/source_file_transfer.py
[2024-03-18T08:42:12.207+0000] {processor.py:840} INFO - DAG(s) 'tutorial_taskflow_api' retrieved from /opt/airflow/dags/source_file_transfer.py
[2024-03-18T08:42:12.238+0000] {logging_mixin.py:188} INFO - [2024-03-18T08:42:12.238+0000] {dag.py:3047} INFO - Sync 1 DAGs
[2024-03-18T08:42:12.254+0000] {logging_mixin.py:188} INFO - [2024-03-18T08:42:12.253+0000] {dag.py:3834} INFO - Setting next_dagrun for tutorial_taskflow_api to None, run_after=None
[2024-03-18T08:42:12.272+0000] {processor.py:183} INFO - Processing /opt/airflow/dags/source_file_transfer.py took 0.083 seconds
[2024-03-18T08:42:42.460+0000] {processor.py:161} INFO - Started process (PID=160) to work on /opt/airflow/dags/source_file_transfer.py
[2024-03-18T08:42:42.466+0000] {processor.py:830} INFO - Processing file /opt/airflow/dags/source_file_transfer.py for tasks to queue
[2024-03-18T08:42:42.467+0000] {logging_mixin.py:188} INFO - [2024-03-18T08:42:42.467+0000] {dagbag.py:540} INFO - Filling up the DagBag from /opt/airflow/dags/source_file_transfer.py
[2024-03-18T08:42:42.472+0000] {processor.py:840} INFO - DAG(s) 'tutorial_taskflow_api' retrieved from /opt/airflow/dags/source_file_transfer.py
[2024-03-18T08:42:42.495+0000] {logging_mixin.py:188} INFO - [2024-03-18T08:42:42.494+0000] {dag.py:3047} INFO - Sync 1 DAGs
[2024-03-18T08:42:42.504+0000] {logging_mixin.py:188} INFO - [2024-03-18T08:42:42.504+0000] {dag.py:3834} INFO - Setting next_dagrun for tutorial_taskflow_api to None, run_after=None
[2024-03-18T08:42:42.517+0000] {processor.py:183} INFO - Processing /opt/airflow/dags/source_file_transfer.py took 0.060 seconds
[2024-03-18T08:43:12.691+0000] {processor.py:161} INFO - Started process (PID=167) to work on /opt/airflow/dags/source_file_transfer.py
[2024-03-18T08:43:12.698+0000] {processor.py:830} INFO - Processing file /opt/airflow/dags/source_file_transfer.py for tasks to queue
[2024-03-18T08:43:12.701+0000] {logging_mixin.py:188} INFO - [2024-03-18T08:43:12.701+0000] {dagbag.py:540} INFO - Filling up the DagBag from /opt/airflow/dags/source_file_transfer.py
[2024-03-18T08:43:12.714+0000] {processor.py:840} INFO - DAG(s) 'tutorial_taskflow_api' retrieved from /opt/airflow/dags/source_file_transfer.py
[2024-03-18T08:43:12.751+0000] {logging_mixin.py:188} INFO - [2024-03-18T08:43:12.750+0000] {dag.py:3047} INFO - Sync 1 DAGs
[2024-03-18T08:43:12.769+0000] {logging_mixin.py:188} INFO - [2024-03-18T08:43:12.768+0000] {dag.py:3834} INFO - Setting next_dagrun for tutorial_taskflow_api to None, run_after=None
[2024-03-18T08:43:12.804+0000] {processor.py:183} INFO - Processing /opt/airflow/dags/source_file_transfer.py took 0.116 seconds
[2024-03-18T08:43:42.926+0000] {processor.py:161} INFO - Started process (PID=174) to work on /opt/airflow/dags/source_file_transfer.py
[2024-03-18T08:43:42.933+0000] {processor.py:830} INFO - Processing file /opt/airflow/dags/source_file_transfer.py for tasks to queue
[2024-03-18T08:43:42.936+0000] {logging_mixin.py:188} INFO - [2024-03-18T08:43:42.935+0000] {dagbag.py:540} INFO - Filling up the DagBag from /opt/airflow/dags/source_file_transfer.py
[2024-03-18T08:43:42.946+0000] {processor.py:840} INFO - DAG(s) 'tutorial_taskflow_api' retrieved from /opt/airflow/dags/source_file_transfer.py
[2024-03-18T08:43:42.984+0000] {logging_mixin.py:188} INFO - [2024-03-18T08:43:42.983+0000] {dag.py:3047} INFO - Sync 1 DAGs
[2024-03-18T08:43:42.999+0000] {logging_mixin.py:188} INFO - [2024-03-18T08:43:42.998+0000] {dag.py:3834} INFO - Setting next_dagrun for tutorial_taskflow_api to None, run_after=None
[2024-03-18T08:43:43.031+0000] {processor.py:183} INFO - Processing /opt/airflow/dags/source_file_transfer.py took 0.112 seconds
[2024-03-18T08:44:13.217+0000] {processor.py:161} INFO - Started process (PID=181) to work on /opt/airflow/dags/source_file_transfer.py
[2024-03-18T08:44:13.224+0000] {processor.py:830} INFO - Processing file /opt/airflow/dags/source_file_transfer.py for tasks to queue
[2024-03-18T08:44:13.226+0000] {logging_mixin.py:188} INFO - [2024-03-18T08:44:13.226+0000] {dagbag.py:540} INFO - Filling up the DagBag from /opt/airflow/dags/source_file_transfer.py
[2024-03-18T08:44:13.233+0000] {processor.py:840} INFO - DAG(s) 'tutorial_taskflow_api' retrieved from /opt/airflow/dags/source_file_transfer.py
[2024-03-18T08:44:13.253+0000] {logging_mixin.py:188} INFO - [2024-03-18T08:44:13.253+0000] {dag.py:3047} INFO - Sync 1 DAGs
[2024-03-18T08:44:13.260+0000] {logging_mixin.py:188} INFO - [2024-03-18T08:44:13.260+0000] {dag.py:3834} INFO - Setting next_dagrun for tutorial_taskflow_api to None, run_after=None
[2024-03-18T08:44:13.271+0000] {processor.py:183} INFO - Processing /opt/airflow/dags/source_file_transfer.py took 0.058 seconds
[2024-03-18T08:44:30.350+0000] {processor.py:161} INFO - Started process (PID=188) to work on /opt/airflow/dags/source_file_transfer.py
[2024-03-18T08:44:30.351+0000] {processor.py:830} INFO - Processing file /opt/airflow/dags/source_file_transfer.py for tasks to queue
[2024-03-18T08:44:30.353+0000] {logging_mixin.py:188} INFO - [2024-03-18T08:44:30.353+0000] {dagbag.py:540} INFO - Filling up the DagBag from /opt/airflow/dags/source_file_transfer.py
[2024-03-18T08:44:30.359+0000] {processor.py:840} INFO - DAG(s) 'sftp_file_transfer' retrieved from /opt/airflow/dags/source_file_transfer.py
[2024-03-18T08:44:30.437+0000] {logging_mixin.py:188} INFO - [2024-03-18T08:44:30.436+0000] {override.py:1769} INFO - Created Permission View: can edit on DAG:sftp_file_transfer
[2024-03-18T08:44:30.445+0000] {logging_mixin.py:188} INFO - [2024-03-18T08:44:30.445+0000] {override.py:1769} INFO - Created Permission View: can delete on DAG:sftp_file_transfer
[2024-03-18T08:44:30.451+0000] {logging_mixin.py:188} INFO - [2024-03-18T08:44:30.450+0000] {override.py:1769} INFO - Created Permission View: can read on DAG:sftp_file_transfer
[2024-03-18T08:44:30.451+0000] {logging_mixin.py:188} INFO - [2024-03-18T08:44:30.451+0000] {dag.py:3047} INFO - Sync 1 DAGs
[2024-03-18T08:44:30.462+0000] {logging_mixin.py:188} INFO - [2024-03-18T08:44:30.461+0000] {dag.py:3069} INFO - Creating ORM DAG for sftp_file_transfer
[2024-03-18T08:44:30.462+0000] {logging_mixin.py:188} INFO - [2024-03-18T08:44:30.462+0000] {dag.py:3834} INFO - Setting next_dagrun for sftp_file_transfer to None, run_after=None
[2024-03-18T08:44:30.478+0000] {processor.py:183} INFO - Processing /opt/airflow/dags/source_file_transfer.py took 0.131 seconds
[2024-03-18T08:44:41.472+0000] {processor.py:161} INFO - Started process (PID=189) to work on /opt/airflow/dags/source_file_transfer.py
[2024-03-18T08:44:41.479+0000] {processor.py:830} INFO - Processing file /opt/airflow/dags/source_file_transfer.py for tasks to queue
[2024-03-18T08:44:41.481+0000] {logging_mixin.py:188} INFO - [2024-03-18T08:44:41.481+0000] {dagbag.py:540} INFO - Filling up the DagBag from /opt/airflow/dags/source_file_transfer.py
[2024-03-18T08:44:41.494+0000] {processor.py:840} INFO - DAG(s) 'sftp_file_transfer' retrieved from /opt/airflow/dags/source_file_transfer.py
[2024-03-18T08:44:41.509+0000] {logging_mixin.py:188} INFO - [2024-03-18T08:44:41.508+0000] {dag.py:3047} INFO - Sync 1 DAGs
[2024-03-18T08:44:41.517+0000] {logging_mixin.py:188} INFO - [2024-03-18T08:44:41.517+0000] {dag.py:3834} INFO - Setting next_dagrun for sftp_file_transfer to None, run_after=None
[2024-03-18T08:44:41.529+0000] {processor.py:183} INFO - Processing /opt/airflow/dags/source_file_transfer.py took 0.059 seconds
[2024-03-18T08:44:45.497+0000] {processor.py:161} INFO - Started process (PID=190) to work on /opt/airflow/dags/source_file_transfer.py
[2024-03-18T08:44:45.498+0000] {processor.py:830} INFO - Processing file /opt/airflow/dags/source_file_transfer.py for tasks to queue
[2024-03-18T08:44:45.499+0000] {logging_mixin.py:188} INFO - [2024-03-18T08:44:45.499+0000] {dagbag.py:540} INFO - Filling up the DagBag from /opt/airflow/dags/source_file_transfer.py
[2024-03-18T08:44:45.504+0000] {processor.py:840} INFO - DAG(s) 'sftp_file_transfer' retrieved from /opt/airflow/dags/source_file_transfer.py
[2024-03-18T08:44:45.514+0000] {logging_mixin.py:188} INFO - [2024-03-18T08:44:45.513+0000] {dag.py:3047} INFO - Sync 1 DAGs
[2024-03-18T08:44:45.526+0000] {logging_mixin.py:188} INFO - [2024-03-18T08:44:45.525+0000] {dag.py:3834} INFO - Setting next_dagrun for sftp_file_transfer to None, run_after=None
[2024-03-18T08:44:45.541+0000] {processor.py:183} INFO - Processing /opt/airflow/dags/source_file_transfer.py took 0.047 seconds
[2024-03-18T08:44:48.524+0000] {processor.py:161} INFO - Started process (PID=197) to work on /opt/airflow/dags/source_file_transfer.py
[2024-03-18T08:44:48.531+0000] {processor.py:830} INFO - Processing file /opt/airflow/dags/source_file_transfer.py for tasks to queue
[2024-03-18T08:44:48.534+0000] {logging_mixin.py:188} INFO - [2024-03-18T08:44:48.534+0000] {dagbag.py:540} INFO - Filling up the DagBag from /opt/airflow/dags/source_file_transfer.py
[2024-03-18T08:44:48.542+0000] {processor.py:840} INFO - DAG(s) 'sftp_file_transfer' retrieved from /opt/airflow/dags/source_file_transfer.py
[2024-03-18T08:44:48.551+0000] {logging_mixin.py:188} INFO - [2024-03-18T08:44:48.551+0000] {dag.py:3047} INFO - Sync 1 DAGs
[2024-03-18T08:44:48.558+0000] {logging_mixin.py:188} INFO - [2024-03-18T08:44:48.558+0000] {dag.py:3834} INFO - Setting next_dagrun for sftp_file_transfer to None, run_after=None
[2024-03-18T08:44:48.571+0000] {processor.py:183} INFO - Processing /opt/airflow/dags/source_file_transfer.py took 0.050 seconds
[2024-03-18T08:45:04.690+0000] {processor.py:161} INFO - Started process (PID=198) to work on /opt/airflow/dags/source_file_transfer.py
[2024-03-18T08:45:04.697+0000] {processor.py:830} INFO - Processing file /opt/airflow/dags/source_file_transfer.py for tasks to queue
[2024-03-18T08:45:04.700+0000] {logging_mixin.py:188} INFO - [2024-03-18T08:45:04.699+0000] {dagbag.py:540} INFO - Filling up the DagBag from /opt/airflow/dags/source_file_transfer.py
[2024-03-18T08:45:04.707+0000] {processor.py:840} INFO - DAG(s) 'sftp_file_transfer' retrieved from /opt/airflow/dags/source_file_transfer.py
[2024-03-18T08:45:04.730+0000] {logging_mixin.py:188} INFO - [2024-03-18T08:45:04.730+0000] {dag.py:3047} INFO - Sync 1 DAGs
[2024-03-18T08:45:04.739+0000] {logging_mixin.py:188} INFO - [2024-03-18T08:45:04.739+0000] {dag.py:3834} INFO - Setting next_dagrun for sftp_file_transfer to None, run_after=None
[2024-03-18T08:45:04.754+0000] {processor.py:183} INFO - Processing /opt/airflow/dags/source_file_transfer.py took 0.067 seconds
[2024-03-18T08:45:09.733+0000] {processor.py:161} INFO - Started process (PID=199) to work on /opt/airflow/dags/source_file_transfer.py
[2024-03-18T08:45:09.741+0000] {processor.py:830} INFO - Processing file /opt/airflow/dags/source_file_transfer.py for tasks to queue
[2024-03-18T08:45:09.744+0000] {logging_mixin.py:188} INFO - [2024-03-18T08:45:09.743+0000] {dagbag.py:540} INFO - Filling up the DagBag from /opt/airflow/dags/source_file_transfer.py
[2024-03-18T08:45:09.748+0000] {logging_mixin.py:188} INFO - [2024-03-18T08:45:09.747+0000] {dagbag.py:350} ERROR - Failed to import: /opt/airflow/dags/source_file_transfer.py
Traceback (most recent call last):
  File "/home/airflow/.local/lib/python3.8/site-packages/airflow/models/dagbag.py", line 346, in parse
    loader.exec_module(new_module)
  File "<frozen importlib._bootstrap_external>", line 843, in exec_module
  File "<frozen importlib._bootstrap>", line 219, in _call_with_frames_removed
  File "/opt/airflow/dags/source_file_transfer.py", line 68, in <module>
    sftp_file_transfer()
NameError: name 'sftp_file_transfer' is not defined
[2024-03-18T08:45:09.748+0000] {processor.py:842} WARNING - No viable dags retrieved from /opt/airflow/dags/source_file_transfer.py
[2024-03-18T08:45:09.765+0000] {processor.py:183} INFO - Processing /opt/airflow/dags/source_file_transfer.py took 0.035 seconds
[2024-03-18T08:45:23.825+0000] {processor.py:161} INFO - Started process (PID=206) to work on /opt/airflow/dags/source_file_transfer.py
[2024-03-18T08:45:23.826+0000] {processor.py:830} INFO - Processing file /opt/airflow/dags/source_file_transfer.py for tasks to queue
[2024-03-18T08:45:23.828+0000] {logging_mixin.py:188} INFO - [2024-03-18T08:45:23.827+0000] {dagbag.py:540} INFO - Filling up the DagBag from /opt/airflow/dags/source_file_transfer.py
[2024-03-18T08:45:23.834+0000] {processor.py:840} INFO - DAG(s) 'file_transfer' retrieved from /opt/airflow/dags/source_file_transfer.py
[2024-03-18T08:45:23.904+0000] {logging_mixin.py:188} INFO - [2024-03-18T08:45:23.904+0000] {override.py:1769} INFO - Created Permission View: can edit on DAG:file_transfer
[2024-03-18T08:45:23.911+0000] {logging_mixin.py:188} INFO - [2024-03-18T08:45:23.910+0000] {override.py:1769} INFO - Created Permission View: can delete on DAG:file_transfer
[2024-03-18T08:45:23.914+0000] {logging_mixin.py:188} INFO - [2024-03-18T08:45:23.914+0000] {override.py:1769} INFO - Created Permission View: can read on DAG:file_transfer
[2024-03-18T08:45:23.915+0000] {logging_mixin.py:188} INFO - [2024-03-18T08:45:23.915+0000] {dag.py:3047} INFO - Sync 1 DAGs
[2024-03-18T08:45:23.920+0000] {logging_mixin.py:188} INFO - [2024-03-18T08:45:23.920+0000] {dag.py:3069} INFO - Creating ORM DAG for file_transfer
[2024-03-18T08:45:23.920+0000] {logging_mixin.py:188} INFO - [2024-03-18T08:45:23.920+0000] {dag.py:3834} INFO - Setting next_dagrun for file_transfer to None, run_after=None
[2024-03-18T08:45:23.934+0000] {processor.py:183} INFO - Processing /opt/airflow/dags/source_file_transfer.py took 0.112 seconds
